<?xml version="1.0" encoding="utf-8"?><testsuites name="pytest tests"><testsuite name="pytest" errors="0" failures="0" skipped="0" tests="12" time="2.296" timestamp="2026-02-10T13:03:40.152363+00:00" hostname="agent-env-cd73a1f4-32cb-4efa-b6bb-3d9cc8c3b644"><testcase classname="backend.tests.test_reports.TestReportEndpoints" name="test_report_closed_success" time="0.374" /><testcase classname="backend.tests.test_reports.TestReportEndpoints" name="test_report_closed_nonexistent_race" time="0.078" /><testcase classname="backend.tests.test_reports.TestReportEndpoints" name="test_report_closed_without_reason" time="0.336" /><testcase classname="backend.tests.test_reports.TestReportEndpoints" name="test_get_admin_reports_requires_auth" time="0.035" /><testcase classname="backend.tests.test_reports.TestReportEndpoints" name="test_get_admin_reports_with_admin" time="0.304" /><testcase classname="backend.tests.test_reports.TestReportEndpoints" name="test_validate_report_requires_admin" time="0.038" /><testcase classname="backend.tests.test_reports.TestReportEndpoints" name="test_reject_report_requires_admin" time="0.036" /><testcase classname="backend.tests.test_reports.TestReportEndpoints" name="test_admin_can_view_reports_for_specific_race" time="0.296" /><testcase classname="backend.tests.test_reports.TestReportThreshold" name="test_report_count_increments" time="0.073" /><testcase classname="backend.tests.test_reports.TestRaceDetailWithReports" name="test_race_detail_shows_auto_closed_flag" time="0.032" /><testcase classname="backend.tests.test_reports.TestAdminReportActions" name="test_admin_reject_nonexistent_race" time="0.298" /><testcase classname="backend.tests.test_reports.TestAdminReportActions" name="test_admin_validate_nonexistent_race" time="0.287" /></testsuite></testsuites>